#
# There is insufficient memory for the Java Runtime Environment to continue.
# Native memory allocation (malloc) failed to allocate 1083536 bytes for Chunk::new
# Possible reasons:
#   The system is out of physical RAM or swap space
#   The process is running with CompressedOops enabled, and the Java Heap may be blocking the growth of the native heap
# Possible solutions:
#   Reduce memory load on the system
#   Increase physical memory or swap space
#   Check if swap backing store is full
#   Decrease Java heap size (-Xmx/-Xms)
#   Decrease number of Java threads
#   Decrease Java thread stack sizes (-Xss)
#   Set larger code cache with -XX:ReservedCodeCacheSize=
#   JVM is running with Zero Based Compressed Oops mode in which the Java heap is
#     placed in the first 32GB address space. The Java Heap base address is the
#     maximum limit for the native heap growth. Please use -XX:HeapBaseMinAddress
#     to set the Java Heap base and to place the Java Heap above 32GB virtual address.
# This output file may be truncated or incomplete.
#
#  Out of Memory Error (./src/hotspot/share/memory/arena.cpp:197), pid=17812, tid=23380
#
# JRE version: OpenJDK Runtime Environment (11.0.16.1+1) (build 11.0.16.1+1-LTS)
# Java VM: OpenJDK 64-Bit Server VM (11.0.16.1+1-LTS, mixed mode, tiered, compressed oops, g1 gc, windows-amd64)
# No core dump will be written. Minidumps are not enabled by default on client versions of Windows
#

---------------  S U M M A R Y ------------

Command Line: -Dmaven.multiModuleProjectDirectory=D:\University\SamsungAcademyProject\umirea-backend\auth-service -Djansi.passthrough=true -Dmaven.home=D:\Programm Files\apps\IDEA-U\ch-0\223.8214.52\plugins\maven\lib\maven3 -Dclassworlds.conf=D:\Programm Files\apps\IDEA-U\ch-0\223.8214.52\plugins\maven\lib\maven3\bin\m2.conf -Dmaven.ext.class.path=D:\Programm Files\apps\IDEA-U\ch-0\223.8214.52\plugins\maven\lib\maven-event-listener.jar -javaagent:D:\Programm Files\apps\IDEA-U\ch-0\223.8214.52\lib\idea_rt.jar=49392:D:\Programm Files\apps\IDEA-U\ch-0\223.8214.52\bin -Dfile.encoding=UTF-8 org.codehaus.classworlds.Launcher -Didea.version=2022.3.1 package

Host: AMD Ryzen 5 5500U with Radeon Graphics         , 12 cores, 15G,  Windows 11 , 64 bit Build 22621 (10.0.22621.598)
Time: Sun Apr 30 13:07:19 2023 RTZ 2 (s 11 , 64 bit Build 22621 (10.0.22621.598) elapsed time: 11.718457 seconds (0d 0h 0m 11s)

---------------  T H R E A D  ---------------

Current thread (0x0000019b7bd7d800):  JavaThread "C2 CompilerThread1" daemon [_thread_in_native, id=23380, stack(0x00000033da200000,0x00000033da300000)]


Current CompileTask:
C2:  11718 4167       4       org.apache.maven.repository.internal.ArtifactDescriptorReaderDelegate::convert (205 bytes)

Stack: [0x00000033da200000,0x00000033da300000]
Native frames: (J=compiled Java code, j=interpreted, Vv=VM code, C=native code)
V  [jvm.dll+0x61aa6a]
V  [jvm.dll+0x7a5829]
V  [jvm.dll+0x7a7009]
V  [jvm.dll+0x7a76f3]
V  [jvm.dll+0x24e0f8]
V  [jvm.dll+0xc21fc]
V  [jvm.dll+0xc27bc]
V  [jvm.dll+0x2bfdf4]
V  [jvm.dll+0x529b4c]
V  [jvm.dll+0x20fd9b]
V  [jvm.dll+0x2099e4]
V  [jvm.dll+0x206bab]
V  [jvm.dll+0x18a451]
V  [jvm.dll+0x216044]
V  [jvm.dll+0x21428b]
V  [jvm.dll+0x768630]
V  [jvm.dll+0x761494]
V  [jvm.dll+0x6198d5]
C  [ucrtbase.dll+0x29363]
C  [KERNEL32.DLL+0x1244d]
C  [ntdll.dll+0x5df78]


---------------  P R O C E S S  ---------------

Threads class SMR info:
_java_thread_list=0x0000019b7c4846c0, length=12, elements={
0x0000019b54a5d000, 0x0000019b79d12000, 0x0000019b79d13000, 0x0000019b7a622000,
0x0000019b7a623000, 0x0000019b7a626000, 0x0000019b7a629800, 0x0000019b7a62a800,
0x0000019b7a638800, 0x0000019b79ccf000, 0x0000019b7a91a000, 0x0000019b7bd7d800
}

Java Threads: ( => current thread )
  0x0000019b54a5d000 JavaThread "main" [_thread_in_Java, id=19736, stack(0x00000033d9200000,0x00000033d9300000)]
  0x0000019b79d12000 JavaThread "Reference Handler" daemon [_thread_blocked, id=16840, stack(0x00000033d9900000,0x00000033d9a00000)]
  0x0000019b79d13000 JavaThread "Finalizer" daemon [_thread_blocked, id=16376, stack(0x00000033d9a00000,0x00000033d9b00000)]
  0x0000019b7a622000 JavaThread "Signal Dispatcher" daemon [_thread_blocked, id=5928, stack(0x00000033d9b00000,0x00000033d9c00000)]
  0x0000019b7a623000 JavaThread "Attach Listener" daemon [_thread_blocked, id=24156, stack(0x00000033d9c00000,0x00000033d9d00000)]
  0x0000019b7a626000 JavaThread "Service Thread" daemon [_thread_blocked, id=22284, stack(0x00000033d9d00000,0x00000033d9e00000)]
  0x0000019b7a629800 JavaThread "C2 CompilerThread0" daemon [_thread_in_native, id=24316, stack(0x00000033d9e00000,0x00000033d9f00000)]
  0x0000019b7a62a800 JavaThread "C1 CompilerThread0" daemon [_thread_blocked, id=23576, stack(0x00000033d9f00000,0x00000033da000000)]
  0x0000019b7a638800 JavaThread "Sweeper thread" daemon [_thread_blocked, id=24544, stack(0x00000033da000000,0x00000033da100000)]
  0x0000019b79ccf000 JavaThread "Common-Cleaner" daemon [_thread_blocked, id=4700, stack(0x00000033da100000,0x00000033da200000)]
  0x0000019b7a91a000 JavaThread "Monitor Ctrl-Break" daemon [_thread_in_native, id=6388, stack(0x00000033da300000,0x00000033da400000)]
=>0x0000019b7bd7d800 JavaThread "C2 CompilerThread1" daemon [_thread_in_native, id=23380, stack(0x00000033da200000,0x00000033da300000)]

Other Threads:
  0x0000019b79d0e000 VMThread "VM Thread" [stack: 0x00000033d9800000,0x00000033d9900000] [id=25028]
  0x0000019b7a91b000 WatcherThread [stack: 0x00000033da400000,0x00000033da500000] [id=21472]
  0x0000019b54a79000 GCTaskThread "GC Thread#0" [stack: 0x00000033d9300000,0x00000033d9400000] [id=25108]
  0x0000019b7b876800 GCTaskThread "GC Thread#1" [stack: 0x00000033da500000,0x00000033da600000] [id=25852]
  0x0000019b7aec9000 GCTaskThread "GC Thread#2" [stack: 0x00000033da600000,0x00000033da700000] [id=24164]
  0x0000019b7bd0a000 GCTaskThread "GC Thread#3" [stack: 0x00000033da700000,0x00000033da800000] [id=24788]
  0x0000019b7bd0a800 GCTaskThread "GC Thread#4" [stack: 0x00000033da800000,0x00000033da900000] [id=24596]
  0x0000019b54ace000 ConcurrentGCThread "G1 Main Marker" [stack: 0x00000033d9400000,0x00000033d9500000] [id=13768]
  0x0000019b54ad0000 ConcurrentGCThread "G1 Conc#0" [stack: 0x00000033d9500000,0x00000033d9600000] [id=23704]
  0x0000019b7c06e800 ConcurrentGCThread "G1 Conc#1" [stack: 0x00000033da900000,0x00000033daa00000] [id=312]
  0x0000019b7ba7f800 ConcurrentGCThread "G1 Conc#2" [stack: 0x00000033daa00000,0x00000033dab00000] [id=26128]
  0x0000019b79bfd800 ConcurrentGCThread "G1 Refine#0" [stack: 0x00000033d9600000,0x00000033d9700000] [id=2908]
  0x0000019b7bf59800 ConcurrentGCThread "G1 Refine#1" [stack: 0x00000033dab00000,0x00000033dac00000] [id=13196]
  0x0000019b7dd6a800 ConcurrentGCThread "G1 Refine#2" [stack: 0x00000033dac00000,0x00000033dad00000] [id=26548]
  0x0000019b79c00800 ConcurrentGCThread "G1 Young RemSet Sampling" [stack: 0x00000033d9700000,0x00000033d9800000] [id=2568]

Threads with active compile tasks:
C2 CompilerThread0    11794 4178       4       org.apache.maven.model.merge.MavenModelMerger::mergePlugin_Executions (235 bytes)
C2 CompilerThread1    11794 4167       4       org.apache.maven.repository.internal.ArtifactDescriptorReaderDelegate::convert (205 bytes)

VM state:not at safepoint (normal execution)

VM Mutex/Monitor currently owned by a thread: None

Heap address: 0x000000070a800000, size: 3928 MB, Compressed Oops mode: Zero based, Oop shift amount: 3
Narrow klass base: 0x0000000800000000, Narrow klass shift: 0
Compressed class space size: 1073741824 Address: 0x0000000800000000

Heap:
 garbage-first heap   total 251904K, used 63057K [0x000000070a800000, 0x0000000800000000)
  region size 1024K, 39 young (39936K), 13 survivors (13312K)
 Metaspace       used 23849K, capacity 24288K, committed 24572K, reserved 1071104K
  class space    used 2393K, capacity 2540K, committed 2560K, reserved 1048576K
Heap Regions: E=young(eden), S=young(survivor), O=old, HS=humongous(starts), HC=humongous(continues), CS=collection set, F=free, A=archive, TAMS=top-at-mark-start (previous, next)
|   0|0x000000070a800000, 0x000000070a900000, 0x000000070a900000|100%| O|  |TAMS 0x000000070a8d5000, 0x000000070a800000| Untracked 
|   1|0x000000070a900000, 0x000000070aa00000, 0x000000070aa00000|100%| O|  |TAMS 0x000000070a900000, 0x000000070a900000| Untracked 
|   2|0x000000070aa00000, 0x000000070ab00000, 0x000000070ab00000|100%| O|  |TAMS 0x000000070aa00000, 0x000000070aa00000| Untracked 
|   3|0x000000070ab00000, 0x000000070ac00000, 0x000000070ac00000|100%| O|  |TAMS 0x000000070ab00000, 0x000000070ab00000| Untracked 
|   4|0x000000070ac00000, 0x000000070ad00000, 0x000000070ad00000|100%| O|  |TAMS 0x000000070ac00000, 0x000000070ac00000| Untracked 
|   5|0x000000070ad00000, 0x000000070ae00000, 0x000000070ae00000|100%| O|  |TAMS 0x000000070ad00000, 0x000000070ad00000| Untracked 
|   6|0x000000070ae00000, 0x000000070af00000, 0x000000070af00000|100%| O|  |TAMS 0x000000070ae00000, 0x000000070ae00000| Untracked 
|   7|0x000000070af00000, 0x000000070b000000, 0x000000070b000000|100%| O|  |TAMS 0x000000070af00000, 0x000000070af00000| Untracked 
|   8|0x000000070b000000, 0x000000070b100000, 0x000000070b100000|100%| O|  |TAMS 0x000000070b000000, 0x000000070b000000| Untracked 
|   9|0x000000070b100000, 0x000000070b200000, 0x000000070b200000|100%| O|  |TAMS 0x000000070b100000, 0x000000070b100000| Untracked 
|  10|0x000000070b200000, 0x000000070b300000, 0x000000070b300000|100%| O|  |TAMS 0x000000070b200000, 0x000000070b200000| Untracked 
|  11|0x000000070b300000, 0x000000070b400000, 0x000000070b400000|100%| O|  |TAMS 0x000000070b300000, 0x000000070b300000| Untracked 
|  12|0x000000070b400000, 0x000000070b500000, 0x000000070b500000|100%| O|  |TAMS 0x000000070b400000, 0x000000070b400000| Untracked 
|  13|0x000000070b500000, 0x000000070b600000, 0x000000070b600000|100%| O|  |TAMS 0x000000070b500000, 0x000000070b500000| Untracked 
|  14|0x000000070b600000, 0x000000070b700000, 0x000000070b700000|100%| O|  |TAMS 0x000000070b600000, 0x000000070b600000| Untracked 
|  15|0x000000070b700000, 0x000000070b800000, 0x000000070b800000|100%| O|  |TAMS 0x000000070b700000, 0x000000070b700000| Untracked 
|  16|0x000000070b800000, 0x000000070b900000, 0x000000070b900000|100%| O|  |TAMS 0x000000070b800000, 0x000000070b800000| Untracked 
|  17|0x000000070b900000, 0x000000070ba00000, 0x000000070ba00000|100%| O|  |TAMS 0x000000070b900000, 0x000000070b900000| Untracked 
|  18|0x000000070ba00000, 0x000000070bb00000, 0x000000070bb00000|100%| O|  |TAMS 0x000000070ba00000, 0x000000070ba00000| Untracked 
|  19|0x000000070bb00000, 0x000000070bc00000, 0x000000070bc00000|100%| O|  |TAMS 0x000000070bb00000, 0x000000070bb00000| Untracked 
|  20|0x000000070bc00000, 0x000000070bd00000, 0x000000070bd00000|100%| O|  |TAMS 0x000000070bc00000, 0x000000070bc00000| Untracked 
|  21|0x000000070bd00000, 0x000000070be00000, 0x000000070be00000|100%| O|  |TAMS 0x000000070bd00000, 0x000000070bd00000| Untracked 
|  22|0x000000070be00000, 0x000000070bf00000, 0x000000070bf00000|100%| O|  |TAMS 0x000000070be00000, 0x000000070be00000| Untracked 
|  23|0x000000070bf00000, 0x000000070bf94600, 0x000000070c000000| 57%| O|  |TAMS 0x000000070bf00000, 0x000000070bf00000| Untracked 
|  24|0x000000070c000000, 0x000000070c000000, 0x000000070c100000|  0%| F|  |TAMS 0x000000070c000000, 0x000000070c000000| Untracked 
|  25|0x000000070c100000, 0x000000070c100000, 0x000000070c200000|  0%| F|  |TAMS 0x000000070c100000, 0x000000070c100000| Untracked 
|  26|0x000000070c200000, 0x000000070c200000, 0x000000070c300000|  0%| F|  |TAMS 0x000000070c200000, 0x000000070c200000| Untracked 
|  27|0x000000070c300000, 0x000000070c300000, 0x000000070c400000|  0%| F|  |TAMS 0x000000070c300000, 0x000000070c300000| Untracked 
|  28|0x000000070c400000, 0x000000070c400000, 0x000000070c500000|  0%| F|  |TAMS 0x000000070c400000, 0x000000070c400000| Untracked 
|  29|0x000000070c500000, 0x000000070c500000, 0x000000070c600000|  0%| F|  |TAMS 0x000000070c500000, 0x000000070c500000| Untracked 
|  30|0x000000070c600000, 0x000000070c600000, 0x000000070c700000|  0%| F|  |TAMS 0x000000070c600000, 0x000000070c600000| Untracked 
|  31|0x000000070c700000, 0x000000070c700000, 0x000000070c800000|  0%| F|  |TAMS 0x000000070c700000, 0x000000070c700000| Untracked 
|  32|0x000000070c800000, 0x000000070c800000, 0x000000070c900000|  0%| F|  |TAMS 0x000000070c800000, 0x000000070c800000| Untracked 
|  33|0x000000070c900000, 0x000000070c900000, 0x000000070ca00000|  0%| F|  |TAMS 0x000000070c900000, 0x000000070c900000| Untracked 
|  34|0x000000070ca00000, 0x000000070ca00000, 0x000000070cb00000|  0%| F|  |TAMS 0x000000070ca00000, 0x000000070ca00000| Untracked 
|  35|0x000000070cb00000, 0x000000070cb00000, 0x000000070cc00000|  0%| F|  |TAMS 0x000000070cb00000, 0x000000070cb00000| Untracked 
|  36|0x000000070cc00000, 0x000000070cc00000, 0x000000070cd00000|  0%| F|  |TAMS 0x000000070cc00000, 0x000000070cc00000| Untracked 
|  37|0x000000070cd00000, 0x000000070cd00000, 0x000000070ce00000|  0%| F|  |TAMS 0x000000070cd00000, 0x000000070cd00000| Untracked 
|  38|0x000000070ce00000, 0x000000070ce00000, 0x000000070cf00000|  0%| F|  |TAMS 0x000000070ce00000, 0x000000070ce00000| Untracked 
|  39|0x000000070cf00000, 0x000000070cf00000, 0x000000070d000000|  0%| F|  |TAMS 0x000000070cf00000, 0x000000070cf00000| Untracked 
|  40|0x000000070d000000, 0x000000070d000000, 0x000000070d100000|  0%| F|  |TAMS 0x000000070d000000, 0x000000070d000000| Untracked 
|  41|0x000000070d100000, 0x000000070d100000, 0x000000070d200000|  0%| F|  |TAMS 0x000000070d100000, 0x000000070d100000| Untracked 
|  42|0x000000070d200000, 0x000000070d200000, 0x000000070d300000|  0%| F|  |TAMS 0x000000070d200000, 0x000000070d200000| Untracked 
|  43|0x000000070d300000, 0x000000070d300000, 0x000000070d400000|  0%| F|  |TAMS 0x000000070d300000, 0x000000070d300000| Untracked 
|  44|0x000000070d400000, 0x000000070d400000, 0x000000070d500000|  0%| F|  |TAMS 0x000000070d400000, 0x000000070d400000| Untracked 
|  45|0x000000070d500000, 0x000000070d500000, 0x000000070d600000|  0%| F|  |TAMS 0x000000070d500000, 0x000000070d500000| Untracked 
|  46|0x000000070d600000, 0x000000070d600000, 0x000000070d700000|  0%| F|  |TAMS 0x000000070d600000, 0x000000070d600000| Untracked 
|  47|0x000000070d700000, 0x000000070d700000, 0x000000070d800000|  0%| F|  |TAMS 0x000000070d700000, 0x000000070d700000| Untracked 
|  48|0x000000070d800000, 0x000000070d800000, 0x000000070d900000|  0%| F|  |TAMS 0x000000070d800000, 0x000000070d800000| Untracked 
|  49|0x000000070d900000, 0x000000070d900000, 0x000000070da00000|  0%| F|  |TAMS 0x000000070d900000, 0x000000070d900000| Untracked 
|  50|0x000000070da00000, 0x000000070da00000, 0x000000070db00000|  0%| F|  |TAMS 0x000000070da00000, 0x000000070da00000| Untracked 
|  51|0x000000070db00000, 0x000000070db00000, 0x000000070dc00000|  0%| F|  |TAMS 0x000000070db00000, 0x000000070db00000| Untracked 
|  52|0x000000070dc00000, 0x000000070dc00000, 0x000000070dd00000|  0%| F|  |TAMS 0x000000070dc00000, 0x000000070dc00000| Untracked 
|  53|0x000000070dd00000, 0x000000070dd00000, 0x000000070de00000|  0%| F|  |TAMS 0x000000070dd00000, 0x000000070dd00000| Untracked 
|  54|0x000000070de00000, 0x000000070de00000, 0x000000070df00000|  0%| F|  |TAMS 0x000000070de00000, 0x000000070de00000| Untracked 
|  55|0x000000070df00000, 0x000000070df00000, 0x000000070e000000|  0%| F|  |TAMS 0x000000070df00000, 0x000000070df00000| Untracked 
|  56|0x000000070e000000, 0x000000070e000000, 0x000000070e100000|  0%| F|  |TAMS 0x000000070e000000, 0x000000070e000000| Untracked 
|  57|0x000000070e100000, 0x000000070e100000, 0x000000070e200000|  0%| F|  |TAMS 0x000000070e100000, 0x000000070e100000| Untracked 
|  58|0x000000070e200000, 0x000000070e200000, 0x000000070e300000|  0%| F|  |TAMS 0x000000070e200000, 0x000000070e200000| Untracked 
|  59|0x000000070e300000, 0x000000070e300000, 0x000000070e400000|  0%| F|  |TAMS 0x000000070e300000, 0x000000070e300000| Untracked 
|  60|0x000000070e400000, 0x000000070e400000, 0x000000070e500000|  0%| F|  |TAMS 0x000000070e400000, 0x000000070e400000| Untracked 
|  61|0x000000070e500000, 0x000000070e500000, 0x000000070e600000|  0%| F|  |TAMS 0x000000070e500000, 0x000000070e500000| Untracked 
|  62|0x000000070e600000, 0x000000070e600000, 0x000000070e700000|  0%| F|  |TAMS 0x000000070e600000, 0x000000070e600000| Untracked 
|  63|0x000000070e700000, 0x000000070e700000, 0x000000070e800000|  0%| F|  |TAMS 0x000000070e700000, 0x000000070e700000| Untracked 
|  64|0x000000070e800000, 0x000000070e800000, 0x000000070e900000|  0%| F|  |TAMS 0x000000070e800000, 0x000000070e800000| Untracked 
|  65|0x000000070e900000, 0x000000070e900000, 0x000000070ea00000|  0%| F|  |TAMS 0x000000070e900000, 0x000000070e900000| Untracked 
|  66|0x000000070ea00000, 0x000000070ea00000, 0x000000070eb00000|  0%| F|  |TAMS 0x000000070ea00000, 0x000000070ea00000| Untracked 
|  67|0x000000070eb00000, 0x000000070eb00000, 0x000000070ec00000|  0%| F|  |TAMS 0x000000070eb00000, 0x000000070eb00000| Untracked 
|  68|0x000000070ec00000, 0x000000070ec00000, 0x000000070ed00000|  0%| F|  |TAMS 0x000000070ec00000, 0x000000070ec00000| Untracked 
|  69|0x000000070ed00000, 0x000000070ed00000, 0x000000070ee00000|  0%| F|  |TAMS 0x000000070ed00000, 0x000000070ed00000| Untracked 
|  70|0x000000070ee00000, 0x000000070ee00000, 0x000000070ef00000|  0%| F|  |TAMS 0x000000070ee00000, 0x000000070ee00000| Untracked 
|  71|0x000000070ef00000, 0x000000070ef00000, 0x000000070f000000|  0%| F|  |TAMS 0x000000070ef00000, 0x000000070ef00000| Untracked 
|  72|0x000000070f000000, 0x000000070f000000, 0x000000070f100000|  0%| F|  |TAMS 0x000000070f000000, 0x000000070f000000| Untracked 
|  73|0x000000070f100000, 0x000000070f100000, 0x000000070f200000|  0%| F|  |TAMS 0x000000070f100000, 0x000000070f100000| Untracked 
|  74|0x000000070f200000, 0x000000070f200000, 0x000000070f300000|  0%| F|  |TAMS 0x000000070f200000, 0x000000070f200000| Untracked 
|  75|0x000000070f300000, 0x000000070f300000, 0x000000070f400000|  0%| F|  |TAMS 0x000000070f300000, 0x000000070f300000| Untracked 
|  76|0x000000070f400000, 0x000000070f400000, 0x000000070f500000|  0%| F|  |TAMS 0x000000070f400000, 0x000000070f400000| Untracked 
|  77|0x000000070f500000, 0x000000070f500000, 0x000000070f600000|  0%| F|  |TAMS 0x000000070f500000, 0x000000070f500000| Untracked 
|  78|0x000000070f600000, 0x000000070f600000, 0x000000070f700000|  0%| F|  |TAMS 0x000000070f600000, 0x000000070f600000| Untracked 
|  79|0x000000070f700000, 0x000000070f700000, 0x000000070f800000|  0%| F|  |TAMS 0x000000070f700000, 0x000000070f700000| Untracked 
|  80|0x000000070f800000, 0x000000070f800000, 0x000000070f900000|  0%| F|  |TAMS 0x000000070f800000, 0x000000070f800000| Untracked 
|  81|0x000000070f900000, 0x000000070f900000, 0x000000070fa00000|  0%| F|  |TAMS 0x000000070f900000, 0x000000070f900000| Untracked 
|  82|0x000000070fa00000, 0x000000070fa00000, 0x000000070fb00000|  0%| F|  |TAMS 0x000000070fa00000, 0x000000070fa00000| Untracked 
|  83|0x000000070fb00000, 0x000000070fb00000, 0x000000070fc00000|  0%| F|  |TAMS 0x000000070fb00000, 0x000000070fb00000| Untracked 
|  84|0x000000070fc00000, 0x000000070fc00000, 0x000000070fd00000|  0%| F|  |TAMS 0x000000070fc00000, 0x000000070fc00000| Untracked 
|  85|0x000000070fd00000, 0x000000070fd00000, 0x000000070fe00000|  0%| F|  |TAMS 0x000000070fd00000, 0x000000070fd00000| Untracked 
|  86|0x000000070fe00000, 0x000000070fe00000, 0x000000070ff00000|  0%| F|  |TAMS 0x000000070fe00000, 0x000000070fe00000| Untracked 
|  87|0x000000070ff00000, 0x000000070ff00000, 0x0000000710000000|  0%| F|  |TAMS 0x000000070ff00000, 0x000000070ff00000| Untracked 
|  88|0x0000000710000000, 0x0000000710000000, 0x0000000710100000|  0%| F|  |TAMS 0x0000000710000000, 0x0000000710000000| Untracked 
|  89|0x0000000710100000, 0x0000000710100000, 0x0000000710200000|  0%| F|  |TAMS 0x0000000710100000, 0x0000000710100000| Untracked 
|  90|0x0000000710200000, 0x0000000710200000, 0x0000000710300000|  0%| F|  |TAMS 0x0000000710200000, 0x0000000710200000| Untracked 
|  91|0x0000000710300000, 0x0000000710300000, 0x0000000710400000|  0%| F|  |TAMS 0x0000000710300000, 0x0000000710300000| Untracked 
|  92|0x0000000710400000, 0x0000000710400000, 0x0000000710500000|  0%| F|  |TAMS 0x0000000710400000, 0x0000000710400000| Untracked 
|  93|0x0000000710500000, 0x0000000710500000, 0x0000000710600000|  0%| F|  |TAMS 0x0000000710500000, 0x0000000710500000| Untracked 
|  94|0x0000000710600000, 0x0000000710600000, 0x0000000710700000|  0%| F|  |TAMS 0x0000000710600000, 0x0000000710600000| Untracked 
|  95|0x0000000710700000, 0x0000000710700000, 0x0000000710800000|  0%| F|  |TAMS 0x0000000710700000, 0x0000000710700000| Untracked 
|  96|0x0000000710800000, 0x0000000710800000, 0x0000000710900000|  0%| F|  |TAMS 0x0000000710800000, 0x0000000710800000| Untracked 
|  97|0x0000000710900000, 0x0000000710900000, 0x0000000710a00000|  0%| F|  |TAMS 0x0000000710900000, 0x0000000710900000| Untracked 
|  98|0x0000000710a00000, 0x0000000710a00000, 0x0000000710b00000|  0%| F|  |TAMS 0x0000000710a00000, 0x0000000710a00000| Untracked 
|  99|0x0000000710b00000, 0x0000000710b00000, 0x0000000710c00000|  0%| F|  |TAMS 0x0000000710b00000, 0x0000000710b00000| Untracked 
| 100|0x0000000710c00000, 0x0000000710c00000, 0x0000000710d00000|  0%| F|  |TAMS 0x0000000710c00000, 0x0000000710c00000| Untracked 
| 101|0x0000000710d00000, 0x0000000710d00000, 0x0000000710e00000|  0%| F|  |TAMS 0x0000000710d00000, 0x0000000710d00000| Untracked 
| 102|0x0000000710e00000, 0x0000000710e00000, 0x0000000710f00000|  0%| F|  |TAMS 0x0000000710e00000, 0x0000000710e00000| Untracked 
| 103|0x0000000710f00000, 0x0000000710f00000, 0x0000000711000000|  0%| F|  |TAMS 0x0000000710f00000, 0x0000000710f00000| Untracked 
| 104|0x0000000711000000, 0x0000000711000000, 0x0000000711100000|  0%| F|  |TAMS 0x0000000711000000, 0x0000000711000000| Untracked 
| 105|0x0000000711100000, 0x0000000711100000, 0x0000000711200000|  0%| F|  |TAMS 0x0000000711100000, 0x0000000711100000| Untracked 
| 106|0x0000000711200000, 0x0000000711200000, 0x0000000711300000|  0%| F|  |TAMS 0x0000000711200000, 0x0000000711200000| Untracked 
| 107|0x0000000711300000, 0x0000000711300000, 0x0000000711400000|  0%| F|  |TAMS 0x0000000711300000, 0x0000000711300000| Untracked 
| 108|0x0000000711400000, 0x0000000711400000, 0x0000000711500000|  0%| F|  |TAMS 0x0000000711400000, 0x0000000711400000| Untracked 
| 109|0x0000000711500000, 0x0000000711500000, 0x0000000711600000|  0%| F|  |TAMS 0x0000000711500000, 0x0000000711500000| Untracked 
| 110|0x0000000711600000, 0x0000000711600000, 0x0000000711700000|  0%| F|  |TAMS 0x0000000711600000, 0x0000000711600000| Untracked 
| 111|0x0000000711700000, 0x0000000711700000, 0x0000000711800000|  0%| F|  |TAMS 0x0000000711700000, 0x0000000711700000| Untracked 
| 112|0x0000000711800000, 0x0000000711800000, 0x0000000711900000|  0%| F|  |TAMS 0x0000000711800000, 0x0000000711800000| Untracked 
| 113|0x0000000711900000, 0x0000000711900000, 0x0000000711a00000|  0%| F|  |TAMS 0x0000000711900000, 0x0000000711900000| Untracked 
| 114|0x0000000711a00000, 0x0000000711a00000, 0x0000000711b00000|  0%| F|  |TAMS 0x0000000711a00000, 0x0000000711a00000| Untracked 
| 115|0x0000000711b00000, 0x0000000711b00000, 0x0000000711c00000|  0%| F|  |TAMS 0x0000000711b00000, 0x0000000711b00000| Untracked 
| 116|0x0000000711c00000, 0x0000000711c00000, 0x0000000711d00000|  0%| F|  |TAMS 0x0000000711c00000, 0x0000000711c00000| Untracked 
| 117|0x0000000711d00000, 0x0000000711d00000, 0x0000000711e00000|  0%| F|  |TAMS 0x0000000711d00000, 0x0000000711d00000| Untracked 
| 118|0x0000000711e00000, 0x0000000711e00000, 0x0000000711f00000|  0%| F|  |TAMS 0x0000000711e00000, 0x0000000711e00000| Untracked 
| 119|0x0000000711f00000, 0x0000000711f00000, 0x0000000712000000|  0%| F|  |TAMS 0x0000000711f00000, 0x0000000711f00000| Untracked 
| 120|0x0000000712000000, 0x0000000712000000, 0x0000000712100000|  0%| F|  |TAMS 0x0000000712000000, 0x0000000712000000| Untracked 
| 121|0x0000000712100000, 0x0000000712100000, 0x0000000712200000|  0%| F|  |TAMS 0x0000000712100000, 0x0000000712100000| Untracked 
| 122|0x0000000712200000, 0x0000000712200000, 0x0000000712300000|  0%| F|  |TAMS 0x0000000712200000, 0x0000000712200000| Untracked 
| 123|0x0000000712300000, 0x0000000712300000, 0x0000000712400000|  0%| F|  |TAMS 0x0000000712300000, 0x0000000712300000| Untracked 
| 124|0x0000000712400000, 0x0000000712400000, 0x0000000712500000|  0%| F|  |TAMS 0x0000000712400000, 0x0000000712400000| Untracked 
| 125|0x0000000712500000, 0x0000000712500000, 0x0000000712600000|  0%| F|  |TAMS 0x0000000712500000, 0x0000000712500000| Untracked 
| 126|0x0000000712600000, 0x0000000712600000, 0x0000000712700000|  0%| F|  |TAMS 0x0000000712600000, 0x0000000712600000| Untracked 
| 127|0x0000000712700000, 0x0000000712700000, 0x0000000712800000|  0%| F|  |TAMS 0x0000000712700000, 0x0000000712700000| Untracked 
| 128|0x0000000712800000, 0x0000000712800000, 0x0000000712900000|  0%| F|  |TAMS 0x0000000712800000, 0x0000000712800000| Untracked 
| 129|0x0000000712900000, 0x0000000712900000, 0x0000000712a00000|  0%| F|  |TAMS 0x0000000712900000, 0x0000000712900000| Untracked 
| 130|0x0000000712a00000, 0x0000000712a00000, 0x0000000712b00000|  0%| F|  |TAMS 0x0000000712a00000, 0x0000000712a00000| Untracked 
| 131|0x0000000712b00000, 0x0000000712b00000, 0x0000000712c00000|  0%| F|  |TAMS 0x0000000712b00000, 0x0000000712b00000| Untracked 
| 132|0x0000000712c00000, 0x0000000712c00000, 0x0000000712d00000|  0%| F|  |TAMS 0x0000000712c00000, 0x0000000712c00000| Untracked 
| 133|0x0000000712d00000, 0x0000000712d00000, 0x0000000712e00000|  0%| F|  |TAMS 0x0000000712d00000, 0x0000000712d00000| Untracked 
| 134|0x0000000712e00000, 0x0000000712e00000, 0x0000000712f00000|  0%| F|  |TAMS 0x0000000712e00000, 0x0000000712e00000| Untracked 
| 135|0x0000000712f00000, 0x0000000713000000, 0x0000000713000000|100%| S|CS|TAMS 0x0000000712f00000, 0x0000000712f00000| Complete 
| 136|0x0000000713000000, 0x0000000713100000, 0x0000000713100000|100%| S|CS|TAMS 0x0000000713000000, 0x0000000713000000| Complete 
| 137|0x0000000713100000, 0x0000000713200000, 0x0000000713200000|100%| S|CS|TAMS 0x0000000713100000, 0x0000000713100000| Complete 
| 138|0x0000000713200000, 0x0000000713300000, 0x0000000713300000|100%| S|CS|TAMS 0x0000000713200000, 0x0000000713200000| Complete 
| 139|0x0000000713300000, 0x0000000713400000, 0x0000000713400000|100%| S|CS|TAMS 0x0000000713300000, 0x0000000713300000| Complete 
| 140|0x0000000713400000, 0x0000000713500000, 0x0000000713500000|100%| S|CS|TAMS 0x0000000713400000, 0x0000000713400000| Complete 
| 141|0x0000000713500000, 0x0000000713600000, 0x0000000713600000|100%| S|CS|TAMS 0x0000000713500000, 0x0000000713500000| Complete 
| 142|0x0000000713600000, 0x0000000713700000, 0x0000000713700000|100%| S|CS|TAMS 0x0000000713600000, 0x0000000713600000| Complete 
| 143|0x0000000713700000, 0x0000000713800000, 0x0000000713800000|100%| S|CS|TAMS 0x0000000713700000, 0x0000000713700000| Complete 
| 144|0x0000000713800000, 0x0000000713900000, 0x0000000713900000|100%| S|CS|TAMS 0x0000000713800000, 0x0000000713800000| Complete 
| 145|0x0000000713900000, 0x0000000713a00000, 0x0000000713a00000|100%| S|CS|TAMS 0x0000000713900000, 0x0000000713900000| Complete 
| 146|0x0000000713a00000, 0x0000000713b00000, 0x0000000713b00000|100%| S|CS|TAMS 0x0000000713a00000, 0x0000000713a00000| Complete 
| 147|0x0000000713b00000, 0x0000000713c00000, 0x0000000713c00000|100%| S|CS|TAMS 0x0000000713b00000, 0x0000000713b00000| Complete 
| 148|0x0000000713c00000, 0x0000000713c00000, 0x0000000713d00000|  0%| F|  |TAMS 0x0000000713c00000, 0x0000000713c00000| Untracked 
| 149|0x0000000713d00000, 0x0000000713d00000, 0x0000000713e00000|  0%| F|  |TAMS 0x0000000713d00000, 0x0000000713d00000| Untracked 
| 150|0x0000000713e00000, 0x0000000713e00000, 0x0000000713f00000|  0%| F|  |TAMS 0x0000000713e00000, 0x0000000713e00000| Untracked 
| 151|0x0000000713f00000, 0x0000000713f00000, 0x0000000714000000|  0%| F|  |TAMS 0x0000000713f00000, 0x0000000713f00000| Untracked 
| 152|0x0000000714000000, 0x0000000714000000, 0x0000000714100000|  0%| F|  |TAMS 0x0000000714000000, 0x0000000714000000| Untracked 
| 153|0x0000000714100000, 0x0000000714100000, 0x0000000714200000|  0%| F|  |TAMS 0x0000000714100000, 0x0000000714100000| Untracked 
| 154|0x0000000714200000, 0x0000000714200000, 0x0000000714300000|  0%| F|  |TAMS 0x0000000714200000, 0x0000000714200000| Untracked 
| 155|0x0000000714300000, 0x0000000714300000, 0x0000000714400000|  0%| F|  |TAMS 0x0000000714300000, 0x0000000714300000| Untracked 
| 156|0x0000000714400000, 0x0000000714400000, 0x0000000714500000|  0%| F|  |TAMS 0x0000000714400000, 0x0000000714400000| Untracked 
| 157|0x0000000714500000, 0x0000000714500000, 0x0000000714600000|  0%| F|  |TAMS 0x0000000714500000, 0x0000000714500000| Untracked 
| 158|0x0000000714600000, 0x0000000714600000, 0x0000000714700000|  0%| F|  |TAMS 0x0000000714600000, 0x0000000714600000| Untracked 
| 159|0x0000000714700000, 0x0000000714700000, 0x0000000714800000|  0%| F|  |TAMS 0x0000000714700000, 0x0000000714700000| Untracked 
| 160|0x0000000714800000, 0x0000000714800000, 0x0000000714900000|  0%| F|  |TAMS 0x0000000714800000, 0x0000000714800000| Untracked 
| 161|0x0000000714900000, 0x0000000714900000, 0x0000000714a00000|  0%| F|  |TAMS 0x0000000714900000, 0x0000000714900000| Untracked 
| 162|0x0000000714a00000, 0x0000000714a00000, 0x0000000714b00000|  0%| F|  |TAMS 0x0000000714a00000, 0x0000000714a00000| Untracked 
| 163|0x0000000714b00000, 0x0000000714b00000, 0x0000000714c00000|  0%| F|  |TAMS 0x0000000714b00000, 0x0000000714b00000| Untracked 
| 164|0x0000000714c00000, 0x0000000714c00000, 0x0000000714d00000|  0%| F|  |TAMS 0x0000000714c00000, 0x0000000714c00000| Untracked 
| 165|0x0000000714d00000, 0x0000000714d00000, 0x0000000714e00000|  0%| F|  |TAMS 0x0000000714d00000, 0x0000000714d00000| Untracked 
| 166|0x0000000714e00000, 0x0000000714e00000, 0x0000000714f00000|  0%| F|  |TAMS 0x0000000714e00000, 0x0000000714e00000| Untracked 
| 167|0x0000000714f00000, 0x0000000714f00000, 0x0000000715000000|  0%| F|  |TAMS 0x0000000714f00000, 0x0000000714f00000| Untracked 
| 168|0x0000000715000000, 0x0000000715000000, 0x0000000715100000|  0%| F|  |TAMS 0x0000000715000000, 0x0000000715000000| Untracked 
| 169|0x0000000715100000, 0x0000000715100000, 0x0000000715200000|  0%| F|  |TAMS 0x0000000715100000, 0x0000000715100000| Untracked 
| 170|0x0000000715200000, 0x0000000715200000, 0x0000000715300000|  0%| F|  |TAMS 0x0000000715200000, 0x0000000715200000| Untracked 
| 171|0x0000000715300000, 0x0000000715300000, 0x0000000715400000|  0%| F|  |TAMS 0x0000000715300000, 0x0000000715300000| Untracked 
| 172|0x0000000715400000, 0x0000000715400000, 0x0000000715500000|  0%| F|  |TAMS 0x0000000715400000, 0x0000000715400000| Untracked 
| 173|0x0000000715500000, 0x0000000715500000, 0x0000000715600000|  0%| F|  |TAMS 0x0000000715500000, 0x0000000715500000| Untracked 
| 174|0x0000000715600000, 0x0000000715600000, 0x0000000715700000|  0%| F|  |TAMS 0x0000000715600000, 0x0000000715600000| Untracked 
| 175|0x0000000715700000, 0x0000000715700000, 0x0000000715800000|  0%| F|  |TAMS 0x0000000715700000, 0x0000000715700000| Untracked 
| 176|0x0000000715800000, 0x0000000715800000, 0x0000000715900000|  0%| F|  |TAMS 0x0000000715800000, 0x0000000715800000| Untracked 
| 177|0x0000000715900000, 0x0000000715900000, 0x0000000715a00000|  0%| F|  |TAMS 0x0000000715900000, 0x0000000715900000| Untracked 
| 178|0x0000000715a00000, 0x0000000715a00000, 0x0000000715b00000|  0%| F|  |TAMS 0x0000000715a00000, 0x0000000715a00000| Untracked 
| 179|0x0000000715b00000, 0x0000000715b00000, 0x0000000715c00000|  0%| F|  |TAMS 0x0000000715b00000, 0x0000000715b00000| Untracked 
| 180|0x0000000715c00000, 0x0000000715c00000, 0x0000000715d00000|  0%| F|  |TAMS 0x0000000715c00000, 0x0000000715c00000| Untracked 
| 181|0x0000000715d00000, 0x0000000715d00000, 0x0000000715e00000|  0%| F|  |TAMS 0x0000000715d00000, 0x0000000715d00000| Untracked 
| 182|0x0000000715e00000, 0x0000000715e00000, 0x0000000715f00000|  0%| F|  |TAMS 0x0000000715e00000, 0x0000000715e00000| Untracked 
| 183|0x0000000715f00000, 0x0000000715f00000, 0x0000000716000000|  0%| F|  |TAMS 0x0000000715f00000, 0x0000000715f00000| Untracked 
| 184|0x0000000716000000, 0x0000000716000000, 0x0000000716100000|  0%| F|  |TAMS 0x0000000716000000, 0x0000000716000000| Untracked 
| 185|0x0000000716100000, 0x0000000716100000, 0x0000000716200000|  0%| F|  |TAMS 0x0000000716100000, 0x0000000716100000| Untracked 
| 186|0x0000000716200000, 0x0000000716200000, 0x0000000716300000|  0%| F|  |TAMS 0x0000000716200000, 0x0000000716200000| Untracked 
| 187|0x0000000716300000, 0x0000000716300000, 0x0000000716400000|  0%| F|  |TAMS 0x0000000716300000, 0x0000000716300000| Untracked 
| 188|0x0000000716400000, 0x0000000716400000, 0x0000000716500000|  0%| F|  |TAMS 0x0000000716400000, 0x0000000716400000| Untracked 
| 189|0x0000000716500000, 0x0000000716500000, 0x0000000716600000|  0%| F|  |TAMS 0x0000000716500000, 0x0000000716500000| Untracked 
| 190|0x0000000716600000, 0x0000000716600000, 0x0000000716700000|  0%| F|  |TAMS 0x0000000716600000, 0x0000000716600000| Untracked 
| 191|0x0000000716700000, 0x0000000716700000, 0x0000000716800000|  0%| F|  |TAMS 0x0000000716700000, 0x0000000716700000| Untracked 
| 192|0x0000000716800000, 0x0000000716800000, 0x0000000716900000|  0%| F|  |TAMS 0x0000000716800000, 0x0000000716800000| Untracked 
| 193|0x0000000716900000, 0x0000000716900000, 0x0000000716a00000|  0%| F|  |TAMS 0x0000000716900000, 0x0000000716900000| Untracked 
| 194|0x0000000716a00000, 0x0000000716a00000, 0x0000000716b00000|  0%| F|  |TAMS 0x0000000716a00000, 0x0000000716a00000| Untracked 
| 195|0x0000000716b00000, 0x0000000716b00000, 0x0000000716c00000|  0%| F|  |TAMS 0x0000000716b00000, 0x0000000716b00000| Untracked 
| 196|0x0000000716c00000, 0x0000000716c00000, 0x0000000716d00000|  0%| F|  |TAMS 0x0000000716c00000, 0x0000000716c00000| Untracked 
| 197|0x0000000716d00000, 0x0000000716d00000, 0x0000000716e00000|  0%| F|  |TAMS 0x0000000716d00000, 0x0000000716d00000| Untracked 
| 198|0x0000000716e00000, 0x0000000716e00000, 0x0000000716f00000|  0%| F|  |TAMS 0x0000000716e00000, 0x0000000716e00000| Untracked 
| 199|0x0000000716f00000, 0x0000000716f00000, 0x0000000717000000|  0%| F|  |TAMS 0x0000000716f00000, 0x0000000716f00000| Untracked 
| 200|0x0000000717000000, 0x0000000717000000, 0x0000000717100000|  0%| F|  |TAMS 0x0000000717000000, 0x0000000717000000| Untracked 
| 201|0x0000000717100000, 0x0000000717100000, 0x0000000717200000|  0%| F|  |TAMS 0x0000000717100000, 0x0000000717100000| Untracked 
| 202|0x0000000717200000, 0x0000000717200000, 0x0000000717300000|  0%| F|  |TAMS 0x0000000717200000, 0x0000000717200000| Untracked 
| 203|0x0000000717300000, 0x0000000717300000, 0x0000000717400000|  0%| F|  |TAMS 0x0000000717300000, 0x0000000717300000| Untracked 
| 204|0x0000000717400000, 0x0000000717400000, 0x0000000717500000|  0%| F|  |TAMS 0x0000000717400000, 0x0000000717400000| Untracked 
| 205|0x0000000717500000, 0x0000000717500000, 0x0000000717600000|  0%| F|  |TAMS 0x0000000717500000, 0x0000000717500000| Untracked 
| 206|0x0000000717600000, 0x0000000717600000, 0x0000000717700000|  0%| F|  |TAMS 0x0000000717600000, 0x0000000717600000| Untracked 
| 207|0x0000000717700000, 0x0000000717700000, 0x0000000717800000|  0%| F|  |TAMS 0x0000000717700000, 0x0000000717700000| Untracked 
| 208|0x0000000717800000, 0x0000000717800000, 0x0000000717900000|  0%| F|  |TAMS 0x0000000717800000, 0x0000000717800000| Untracked 
| 209|0x0000000717900000, 0x0000000717900000, 0x0000000717a00000|  0%| F|  |TAMS 0x0000000717900000, 0x0000000717900000| Untracked 
| 210|0x0000000717a00000, 0x0000000717a00000, 0x0000000717b00000|  0%| F|  |TAMS 0x0000000717a00000, 0x0000000717a00000| Untracked 
| 211|0x0000000717b00000, 0x0000000717b00000, 0x0000000717c00000|  0%| F|  |TAMS 0x0000000717b00000, 0x0000000717b00000| Untracked 
| 212|0x0000000717c00000, 0x0000000717c00000, 0x0000000717d00000|  0%| F|  |TAMS 0x0000000717c00000, 0x0000000717c00000| Untracked 
| 213|0x0000000717d00000, 0x0000000717d00000, 0x0000000717e00000|  0%| F|  |TAMS 0x0000000717d00000, 0x0000000717d00000| Untracked 
| 214|0x0000000717e00000, 0x0000000717e00000, 0x0000000717f00000|  0%| F|  |TAMS 0x0000000717e00000, 0x0000000717e00000| Untracked 
| 215|0x0000000717f00000, 0x0000000717f00000, 0x0000000718000000|  0%| F|  |TAMS 0x0000000717f00000, 0x0000000717f00000| Untracked 
| 216|0x0000000718000000, 0x0000000718000000, 0x0000000718100000|  0%| F|  |TAMS 0x0000000718000000, 0x0000000718000000| Untracked 
| 217|0x0000000718100000, 0x0000000718100000, 0x0000000718200000|  0%| F|  |TAMS 0x0000000718100000, 0x0000000718100000| Untracked 
| 218|0x0000000718200000, 0x0000000718200000, 0x0000000718300000|  0%| F|  |TAMS 0x0000000718200000, 0x0000000718200000| Untracked 
| 219|0x0000000718300000, 0x0000000718300000, 0x0000000718400000|  0%| F|  |TAMS 0x0000000718300000, 0x0000000718300000| Untracked 
| 220|0x0000000718400000, 0x0000000718500000, 0x0000000718500000|100%| E|  |TAMS 0x0000000718400000, 0x0000000718400000| Complete 
| 221|0x0000000718500000, 0x0000000718600000, 0x0000000718600000|100%| E|CS|TAMS 0x0000000718500000, 0x0000000718500000| Complete 
| 222|0x0000000718600000, 0x0000000718700000, 0x0000000718700000|100%| E|CS|TAMS 0x0000000718600000, 0x0000000718600000| Complete 
| 223|0x0000000718700000, 0x0000000718800000, 0x0000000718800000|100%| E|CS|TAMS 0x0000000718700000, 0x0000000718700000| Complete 
| 224|0x0000000718800000, 0x0000000718900000, 0x0000000718900000|100%| E|CS|TAMS 0x0000000718800000, 0x0000000718800000| Complete 
| 225|0x0000000718900000, 0x0000000718a00000, 0x0000000718a00000|100%| E|CS|TAMS 0x0000000718900000, 0x0000000718900000| Complete 
| 226|0x0000000718a00000, 0x0000000718b00000, 0x0000000718b00000|100%| E|CS|TAMS 0x0000000718a00000, 0x0000000718a00000| Complete 
| 227|0x0000000718b00000, 0x0000000718c00000, 0x0000000718c00000|100%| E|CS|TAMS 0x0000000718b00000, 0x0000000718b00000| Complete 
| 228|0x0000000718c00000, 0x0000000718d00000, 0x0000000718d00000|100%| E|CS|TAMS 0x0000000718c00000, 0x0000000718c00000| Complete 
| 229|0x0000000718d00000, 0x0000000718e00000, 0x0000000718e00000|100%| E|CS|TAMS 0x0000000718d00000, 0x0000000718d00000| Complete 
| 230|0x0000000718e00000, 0x0000000718f00000, 0x0000000718f00000|100%| E|CS|TAMS 0x0000000718e00000, 0x0000000718e00000| Complete 
| 231|0x0000000718f00000, 0x0000000719000000, 0x0000000719000000|100%| E|CS|TAMS 0x0000000718f00000, 0x0000000718f00000| Complete 
| 232|0x0000000719000000, 0x0000000719100000, 0x0000000719100000|100%| E|CS|TAMS 0x0000000719000000, 0x0000000719000000| Complete 
| 233|0x0000000719100000, 0x0000000719200000, 0x0000000719200000|100%| E|CS|TAMS 0x0000000719100000, 0x0000000719100000| Complete 
| 234|0x0000000719200000, 0x0000000719300000, 0x0000000719300000|100%| E|CS|TAMS 0x0000000719200000, 0x0000000719200000| Complete 
| 235|0x0000000719300000, 0x0000000719400000, 0x0000000719400000|100%| E|CS|TAMS 0x0000000719300000, 0x0000000719300000| Complete 
| 236|0x0000000719400000, 0x0000000719500000, 0x0000000719500000|100%| E|CS|TAMS 0x0000000719400000, 0x0000000719400000| Complete 
| 237|0x0000000719500000, 0x0000000719600000, 0x0000000719600000|100%| E|CS|TAMS 0x0000000719500000, 0x0000000719500000| Complete 
| 238|0x0000000719600000, 0x0000000719700000, 0x0000000719700000|100%| E|CS|TAMS 0x0000000719600000, 0x0000000719600000| Complete 
| 239|0x0000000719700000, 0x0000000719800000, 0x0000000719800000|100%| E|CS|TAMS 0x0000000719700000, 0x0000000719700000| Complete 
| 240|0x0000000719800000, 0x0000000719900000, 0x0000000719900000|100%| E|CS|TAMS 0x0000000719800000, 0x0000000719800000| Complete 
| 241|0x0000000719900000, 0x0000000719a00000, 0x0000000719a00000|100%| E|CS|TAMS 0x0000000719900000, 0x0000000719900000| Complete 
| 242|0x0000000719a00000, 0x0000000719b00000, 0x0000000719b00000|100%| E|CS|TAMS 0x0000000719a00000, 0x0000000719a00000| Complete 
| 243|0x0000000719b00000, 0x0000000719c00000, 0x0000000719c00000|100%| E|CS|TAMS 0x0000000719b00000, 0x0000000719b00000| Complete 
| 244|0x0000000719c00000, 0x0000000719d00000, 0x0000000719d00000|100%| E|CS|TAMS 0x0000000719c00000, 0x0000000719c00000| Complete 
| 245|0x0000000719d00000, 0x0000000719e00000, 0x0000000719e00000|100%| E|CS|TAMS 0x0000000719d00000, 0x0000000719d00000| Complete 

Card table byte_map: [0x0000019b6e580000,0x0000019b6ed30000] _byte_map_base: 0x0000019b6ad2c000

Marking Bits (Prev, Next): (CMBitMap*) 0x0000019b54abdc60, (CMBitMap*) 0x0000019b54abdc28
 Prev Bits: [0x0000019b73240000, 0x0000019b76fa0000)
 Next Bits: [0x0000019b6f4e0000, 0x0000019b73240000)

Polling page: 0x0000019b52a00000

Metaspace:

Usage:
  Non-class:     21.24 MB capacity,    20.96 MB ( 99%) used,   257.33 KB (  1%) free+waste,    29.50 KB ( <1%) overhead. 
      Class:      2.48 MB capacity,     2.34 MB ( 94%) used,   134.95 KB (  5%) free+waste,    11.25 KB ( <1%) overhead. 
       Both:     23.72 MB capacity,    23.30 MB ( 98%) used,   392.28 KB (  2%) free+waste,    40.75 KB ( <1%) overhead. 

Virtual space:
  Non-class space:       22.00 MB reserved,      21.50 MB ( 98%) committed 
      Class space:        1.00 GB reserved,       2.50 MB ( <1%) committed 
             Both:        1.02 GB reserved,      24.00 MB (  2%) committed 

Chunk freelists:
   Non-Class:  72.00 KB
       Class:  20.00 KB
        Both:  92.00 KB

MaxMetaspaceSize: 17179869184.00 GB
CompressedClassSpaceSize: 1.00 GB
Initial GC threshold: 20.80 MB
Current GC threshold: 35.20 MB
CDS: off

CodeHeap 'non-profiled nmethods': size=120000Kb used=2127Kb max_used=2127Kb free=117872Kb
 bounds [0x0000019b66350000, 0x0000019b665c0000, 0x0000019b6d880000]
CodeHeap 'profiled nmethods': size=120000Kb used=9485Kb max_used=9485Kb free=110514Kb
 bounds [0x0000019b5ee20000, 0x0000019b5f770000, 0x0000019b66350000]
CodeHeap 'non-nmethods': size=5760Kb used=1164Kb max_used=1229Kb free=4595Kb
 bounds [0x0000019b5e880000, 0x0000019b5eaf0000, 0x0000019b5ee20000]
 total_blobs=4561 nmethods=4142 adapters=331
 compilation: enabled
              stopped_count=0, restarted_count=0
 full_count=0

Compilation events (20 events):
Event: 11.578 Thread 0x0000019b7a62a800 4203       2       java.util.EnumSet::noneOf (63 bytes)
Event: 11.579 Thread 0x0000019b7a62a800 nmethod 4203 0x0000019b5f756490 code [0x0000019b5f7566e0, 0x0000019b5f756da8]
Event: 11.596 Thread 0x0000019b7a62a800 4204   !   2       org.apache.maven.model.Organization::clone (73 bytes)
Event: 11.597 Thread 0x0000019b7a62a800 nmethod 4204 0x0000019b5f757110 code [0x0000019b5f757360, 0x0000019b5f757a38]
Event: 11.625 Thread 0x0000019b7a62a800 4205       2       org.apache.maven.model.merge.ModelMerger::mergeParent_GroupId (41 bytes)
Event: 11.625 Thread 0x0000019b7a62a800 nmethod 4205 0x0000019b5f757e10 code [0x0000019b5f757fe0, 0x0000019b5f7581d8]
Event: 11.625 Thread 0x0000019b7a62a800 4206       2       org.apache.maven.model.merge.ModelMerger::mergeParent_ArtifactId (41 bytes)
Event: 11.626 Thread 0x0000019b7a62a800 nmethod 4206 0x0000019b5f758390 code [0x0000019b5f758560, 0x0000019b5f758758]
Event: 11.661 Thread 0x0000019b7a62a800 4207       2       java.nio.charset.CharsetDecoder::replaceWith (68 bytes)
Event: 11.662 Thread 0x0000019b7a62a800 nmethod 4207 0x0000019b5f758910 code [0x0000019b5f758b20, 0x0000019b5f758f58]
Event: 11.662 Thread 0x0000019b7a62a800 4208       2       java.nio.charset.CharsetDecoder::implReplaceWith (1 bytes)
Event: 11.662 Thread 0x0000019b7a62a800 nmethod 4208 0x0000019b5f759110 code [0x0000019b5f7592c0, 0x0000019b5f7593b8]
Event: 11.676 Thread 0x0000019b7a62a800 4209       2       sun.nio.cs.UTF_8::newDecoder (9 bytes)
Event: 11.677 Thread 0x0000019b7a62a800 nmethod 4209 0x0000019b5f759490 code [0x0000019b5f759680, 0x0000019b5f759828]
Event: 11.677 Thread 0x0000019b7a62a800 4210       2       sun.nio.cs.UTF_8$Decoder::<init> (8 bytes)
Event: 11.677 Thread 0x0000019b7a62a800 nmethod 4210 0x0000019b5f759910 code [0x0000019b5f759b00, 0x0000019b5f759c28]
Event: 11.689 Thread 0x0000019b7a62a800 4211       2       java.lang.Character::isUpperCase (5 bytes)
Event: 11.690 Thread 0x0000019b7a62a800 nmethod 4211 0x0000019b5f759d10 code [0x0000019b5f759ee0, 0x0000019b5f75a078]
Event: 11.690 Thread 0x0000019b7a62a800 4212       2       java.lang.Character::isUpperCase (28 bytes)
Event: 11.691 Thread 0x0000019b7a62a800 nmethod 4212 0x0000019b5f75a190 code [0x0000019b5f75a360, 0x0000019b5f75a4f8]

GC Heap History (10 events):
Event: 3.047 GC heap before
{Heap before GC invocations=0 (full 0):
 garbage-first heap   total 251904K, used 23552K [0x000000070a800000, 0x0000000800000000)
  region size 1024K, 24 young (24576K), 0 survivors (0K)
 Metaspace       used 13594K, capacity 13868K, committed 14080K, reserved 1062912K
  class space    used 1344K, capacity 1431K, committed 1536K, reserved 1048576K
}
Event: 3.057 GC heap after
{Heap after GC invocations=1 (full 0):
 garbage-first heap   total 251904K, used 3924K [0x000000070a800000, 0x0000000800000000)
  region size 1024K, 3 young (3072K), 3 survivors (3072K)
 Metaspace       used 13594K, capacity 13868K, committed 14080K, reserved 1062912K
  class space    used 1344K, capacity 1431K, committed 1536K, reserved 1048576K
}
Event: 6.237 GC heap before
{Heap before GC invocations=1 (full 0):
 garbage-first heap   total 251904K, used 59220K [0x000000070a800000, 0x0000000800000000)
  region size 1024K, 58 young (59392K), 3 survivors (3072K)
 Metaspace       used 20873K, capacity 21183K, committed 21248K, reserved 1069056K
  class space    used 2197K, capacity 2294K, committed 2304K, reserved 1048576K
}
Event: 6.257 GC heap after
{Heap after GC invocations=2 (full 0):
 garbage-first heap   total 251904K, used 7982K [0x000000070a800000, 0x0000000800000000)
  region size 1024K, 7 young (7168K), 7 survivors (7168K)
 Metaspace       used 20873K, capacity 21183K, committed 21248K, reserved 1069056K
  class space    used 2197K, capacity 2294K, committed 2304K, reserved 1048576K
}
Event: 8.059 GC heap before
{Heap before GC invocations=3 (full 0):
 garbage-first heap   total 251904K, used 58158K [0x000000070a800000, 0x0000000800000000)
  region size 1024K, 56 young (57344K), 7 survivors (7168K)
 Metaspace       used 21612K, capacity 22054K, committed 22396K, reserved 1069056K
  class space    used 2220K, capacity 2369K, committed 2432K, reserved 1048576K
}
Event: 8.080 GC heap after
{Heap after GC invocations=4 (full 0):
 garbage-first heap   total 251904K, used 12812K [0x000000070a800000, 0x0000000800000000)
  region size 1024K, 5 young (5120K), 5 survivors (5120K)
 Metaspace       used 21612K, capacity 22054K, committed 22396K, reserved 1069056K
  class space    used 2220K, capacity 2369K, committed 2432K, reserved 1048576K
}
Event: 10.067 GC heap before
{Heap before GC invocations=4 (full 0):
 garbage-first heap   total 251904K, used 85516K [0x000000070a800000, 0x0000000800000000)
  region size 1024K, 76 young (77824K), 5 survivors (5120K)
 Metaspace       used 23098K, capacity 23615K, committed 23804K, reserved 1071104K
  class space    used 2339K, capacity 2508K, committed 2560K, reserved 1048576K
}
Event: 10.088 GC heap after
{Heap after GC invocations=5 (full 0):
 garbage-first heap   total 251904K, used 20825K [0x000000070a800000, 0x0000000800000000)
  region size 1024K, 10 young (10240K), 10 survivors (10240K)
 Metaspace       used 23098K, capacity 23615K, committed 23804K, reserved 1071104K
  class space    used 2339K, capacity 2508K, committed 2560K, reserved 1048576K
}
Event: 11.471 GC heap before
{Heap before GC invocations=5 (full 0):
 garbage-first heap   total 251904K, used 110937K [0x000000070a800000, 0x0000000800000000)
  region size 1024K, 98 young (100352K), 10 survivors (10240K)
 Metaspace       used 23826K, capacity 24288K, committed 24572K, reserved 1071104K
  class space    used 2393K, capacity 2540K, committed 2560K, reserved 1048576K
}
Event: 11.513 GC heap after
{Heap after GC invocations=6 (full 0):
 garbage-first heap   total 251904K, used 37457K [0x000000070a800000, 0x0000000800000000)
  region size 1024K, 13 young (13312K), 13 survivors (13312K)
 Metaspace       used 23826K, capacity 24288K, committed 24572K, reserved 1071104K
  class space    used 2393K, capacity 2540K, committed 2560K, reserved 1048576K
}

Deoptimization events (20 events):
Event: 10.679 Thread 0x0000019b54a5d000 DEOPT PACKING pc=0x0000019b66436e38 sp=0x00000033d92fd890
Event: 10.679 Thread 0x0000019b54a5d000 DEOPT UNPACKING pc=0x0000019b5e8ca1af sp=0x00000033d92fd830 mode 2
Event: 11.064 Thread 0x0000019b54a5d000 Uncommon trap: trap_request=0xffffff4d fr.pc=0x0000019b664dcb60 relative=0x0000000000001a20
Event: 11.065 Thread 0x0000019b54a5d000 Uncommon trap: reason=unstable_if action=reinterpret pc=0x0000019b664dcb60 method=org.apache.maven.model.Plugin.clone()Lorg/apache/maven/model/Plugin; @ 140 c2
Event: 11.066 Thread 0x0000019b54a5d000 DEOPT PACKING pc=0x0000019b664dcb60 sp=0x00000033d92fc080
Event: 11.066 Thread 0x0000019b54a5d000 DEOPT UNPACKING pc=0x0000019b5e8ca1af sp=0x00000033d92fc0b0 mode 2
Event: 11.071 Thread 0x0000019b54a5d000 Uncommon trap: trap_request=0xffffffd6 fr.pc=0x0000019b6652aae8 relative=0x0000000000000be8
Event: 11.071 Thread 0x0000019b54a5d000 Uncommon trap: reason=array_check action=maybe_recompile pc=0x0000019b6652aae8 method=java.util.TimSort.binarySort([Ljava/lang/Object;IIILjava/util/Comparator;)V @ 183 c2
Event: 11.071 Thread 0x0000019b54a5d000 DEOPT PACKING pc=0x0000019b6652aae8 sp=0x00000033d92fa6a0
Event: 11.071 Thread 0x0000019b54a5d000 DEOPT UNPACKING pc=0x0000019b5e8ca1af sp=0x00000033d92fa648 mode 2
Event: 11.402 Thread 0x0000019b54a5d000 Uncommon trap: trap_request=0xffffff7e fr.pc=0x0000019b665566a0 relative=0x0000000000006a60
Event: 11.402 Thread 0x0000019b54a5d000 Uncommon trap: reason=predicate action=maybe_recompile pc=0x0000019b665566a0 method=java.util.AbstractCollection.toArray([Ljava/lang/Object;)[Ljava/lang/Object; @ 43 c2
Event: 11.402 Thread 0x0000019b54a5d000 DEOPT PACKING pc=0x0000019b665566a0 sp=0x00000033d92fcf90
Event: 11.402 Thread 0x0000019b54a5d000 DEOPT UNPACKING pc=0x0000019b5e8ca1af sp=0x00000033d92fcd78 mode 2
Event: 11.417 Thread 0x0000019b54a5d000 Uncommon trap: trap_request=0xffffff4d fr.pc=0x0000019b664344fc relative=0x00000000000027fc
Event: 11.417 Thread 0x0000019b54a5d000 Uncommon trap: reason=unstable_if action=reinterpret pc=0x0000019b664344fc method=org.codehaus.plexus.util.xml.pull.MXParser.isS(C)Z @ 21 c2
Event: 11.417 Thread 0x0000019b54a5d000 DEOPT PACKING pc=0x0000019b664344fc sp=0x00000033d92fbc50
Event: 11.417 Thread 0x0000019b54a5d000 DEOPT UNPACKING pc=0x0000019b5e8ca1af sp=0x00000033d92fbb80 mode 2
Event: 11.535 Thread 0x0000019b54a5d000 DEOPT PACKING pc=0x0000019b5f5726ee sp=0x00000033d92fd060
Event: 11.535 Thread 0x0000019b54a5d000 DEOPT UNPACKING pc=0x0000019b5e8ca95e sp=0x00000033d92fc600 mode 0

Classes redefined (0 events):
No events

Internal exceptions (10 events):
Event: 0.357 Thread 0x0000019b54a5d000 Exception <a 'java/security/PrivilegedActionException'{0x0000000719b7cde8}> (0x0000000719b7cde8) thrown at [./src/hotspot/share/prims/jvm.cpp, line 1306]
Event: 0.357 Thread 0x0000019b54a5d000 Exception <a 'java/security/PrivilegedActionException'{0x0000000719b7d0b8}> (0x0000000719b7d0b8) thrown at [./src/hotspot/share/prims/jvm.cpp, line 1306]
Event: 0.593 Thread 0x0000019b54a5d000 Exception <a 'java/lang/NoSuchMethodError'{0x000000071983cd90}: 'int java.lang.invoke.DirectMethodHandle$Holder.invokeSpecialIFC(java.lang.Object, java.lang.Object, int)'> (0x000000071983cd90) thrown at [./src/hotspot/share/interpreter/linkResolver.cpp, line 773]
Event: 0.757 Thread 0x0000019b54a5d000 Exception <a 'java/lang/NoSuchMethodError'{0x00000007197533d8}: 'java.lang.Object java.lang.invoke.DirectMethodHandle$Holder.invokeStaticInit(java.lang.Object, int, int, int, int)'> (0x00000007197533d8) thrown at [./src/hotspot/share/interpreter/linkResolver.cpp, line 773]
Event: 1.859 Thread 0x0000019b54a5d000 Exception <a 'java/lang/NoSuchMethodError'{0x00000007196fa3d0}: 'java.lang.Object java.lang.invoke.DirectMethodHandle$Holder.invokeStaticInit(java.lang.Object, java.lang.Object, int, int, int, int)'> (0x00000007196fa3d0) thrown at [./src/hotspot/share/interpreter/linkResolver.cpp, line 773]
Event: 5.004 Thread 0x0000019b54a5d000 Exception <a 'java/lang/NoClassDefFoundError'{0x00000007173ab810}: com/google/inject/servlet/ServletModuleTargetVisitor> (0x00000007173ab810) thrown at [./src/hotspot/share/classfile/systemDictionary.cpp, line 219]
Event: 5.005 Thread 0x0000019b54a5d000 Exception <a 'java/lang/NoClassDefFoundError'{0x00000007173ab810}> (0x00000007173ab810) thrown at [./src/hotspot/share/prims/jvm.cpp, line 1310]
Event: 5.005 Thread 0x0000019b54a5d000 Exception <a 'java/lang/NoClassDefFoundError'{0x00000007173ae7e8}: javax/annotation/Priority> (0x00000007173ae7e8) thrown at [./src/hotspot/share/classfile/systemDictionary.cpp, line 219]
Event: 5.773 Thread 0x0000019b54a5d000 Implicit null exception at 0x0000019b6637f4f4 to 0x0000019b6637fa88
Event: 5.773 Thread 0x0000019b54a5d000 Implicit null exception at 0x0000019b663808f4 to 0x0000019b66380e68

Events (20 events):
Event: 10.580 loading class org/apache/maven/lifecycle/internal/DefaultMojoExecutionConfigurator
Event: 10.580 loading class org/apache/maven/lifecycle/internal/DefaultMojoExecutionConfigurator done
Event: 10.646 loading class org/apache/maven/lifecycle/internal/ExecutionPlanItem
Event: 10.646 loading class org/apache/maven/lifecycle/internal/ExecutionPlanItem done
Event: 10.649 loading class org/apache/commons/lang3/Validate
Event: 10.649 loading class org/apache/commons/lang3/Validate done
Event: 10.654 loading class org/apache/maven/artifact/resolver/filter/ExclusionArtifactFilter
Event: 10.654 loading class org/apache/maven/artifact/resolver/filter/ExclusionArtifactFilter done
Event: 10.656 loading class org/apache/maven/project/artifact/DefaultProjectArtifactsCache$CacheKey
Event: 10.656 loading class org/apache/maven/project/artifact/DefaultProjectArtifactsCache$CacheKey done
Event: 10.659 loading class org/apache/maven/lifecycle/internal/LifecycleDependencyResolver$ReactorDependencyFilter
Event: 10.659 loading class org/apache/maven/lifecycle/internal/LifecycleDependencyResolver$ReactorDependencyFilter done
Event: 10.660 loading class org/apache/maven/project/DefaultDependencyResolutionRequest
Event: 10.660 loading class org/apache/maven/project/DefaultDependencyResolutionRequest done
Event: 10.663 loading class org/eclipse/aether/util/artifact/ArtifactIdUtils
Event: 10.663 loading class org/eclipse/aether/util/artifact/ArtifactIdUtils done
Event: 10.842 Executing VM operation: ICBufferFull
Event: 10.843 Executing VM operation: ICBufferFull done
Event: 11.471 Executing VM operation: G1CollectForAllocation
Event: 11.513 Executing VM operation: G1CollectForAllocation done


Dynamic libraries:
0x00007ff7c7200000 - 0x00007ff7c720d000 	C:\Users\e-gul\.jdks\liberica-11.0.16.1\bin\java.exe
0x00007ff933c50000 - 0x00007ff933e64000 	C:\WINDOWS\SYSTEM32\ntdll.dll
0x00007ff932740000 - 0x00007ff932802000 	C:\WINDOWS\System32\KERNEL32.DLL
0x00007ff931200000 - 0x00007ff93159c000 	C:\WINDOWS\System32\KERNELBASE.dll
0x00007ff931810000 - 0x00007ff931921000 	C:\WINDOWS\System32\ucrtbase.dll
0x00007ff899e90000 - 0x00007ff899ea5000 	C:\Users\e-gul\.jdks\liberica-11.0.16.1\bin\VCRUNTIME140.dll
0x00007ff89a240000 - 0x00007ff89a257000 	C:\Users\e-gul\.jdks\liberica-11.0.16.1\bin\jli.dll
0x00007ff931b20000 - 0x00007ff931cca000 	C:\WINDOWS\System32\USER32.dll
0x00007ff91bb50000 - 0x00007ff91bdde000 	C:\WINDOWS\WinSxS\amd64_microsoft.windows.common-controls_6595b64144ccf1df_6.0.22621.436_none_a94247dbc10d8414\COMCTL32.dll
0x00007ff9315a0000 - 0x00007ff9315c6000 	C:\WINDOWS\System32\win32u.dll
0x00007ff931d60000 - 0x00007ff931e07000 	C:\WINDOWS\System32\msvcrt.dll
0x00007ff931d30000 - 0x00007ff931d59000 	C:\WINDOWS\System32\GDI32.dll
0x00007ff9315d0000 - 0x00007ff9316e2000 	C:\WINDOWS\System32\gdi32full.dll
0x00007ff9316f0000 - 0x00007ff93178a000 	C:\WINDOWS\System32\msvcp_win.dll
0x00007ff933bd0000 - 0x00007ff933c01000 	C:\WINDOWS\System32\IMM32.DLL
0x00007ff8837f0000 - 0x00007ff88388b000 	C:\Users\e-gul\.jdks\liberica-11.0.16.1\bin\msvcp140.dll
0x00007ff882c70000 - 0x00007ff8837ed000 	C:\Users\e-gul\.jdks\liberica-11.0.16.1\bin\server\jvm.dll
0x00007ff932030000 - 0x00007ff9320de000 	C:\WINDOWS\System32\ADVAPI32.dll
0x00007ff933520000 - 0x00007ff9335c4000 	C:\WINDOWS\System32\sechost.dll
0x00007ff933400000 - 0x00007ff933515000 	C:\WINDOWS\System32\RPCRT4.dll
0x00007ff932880000 - 0x00007ff932888000 	C:\WINDOWS\System32\PSAPI.DLL
0x00007ff8d8740000 - 0x00007ff8d8749000 	C:\WINDOWS\SYSTEM32\WSOCK32.dll
0x00007ff92ed70000 - 0x00007ff92eda4000 	C:\WINDOWS\SYSTEM32\WINMM.dll
0x00007ff9287f0000 - 0x00007ff9287fa000 	C:\WINDOWS\SYSTEM32\VERSION.dll
0x00007ff9321c0000 - 0x00007ff932231000 	C:\WINDOWS\System32\WS2_32.dll
0x00007ff9300f0000 - 0x00007ff930108000 	C:\WINDOWS\SYSTEM32\kernel.appcore.dll
0x00007ff899180000 - 0x00007ff899190000 	C:\Users\e-gul\.jdks\liberica-11.0.16.1\bin\verify.dll
0x00007ff92e7a0000 - 0x00007ff92e9ce000 	C:\WINDOWS\SYSTEM32\DBGHELP.DLL
0x00007ff933070000 - 0x00007ff9333f9000 	C:\WINDOWS\System32\combase.dll
0x00007ff9320e0000 - 0x00007ff9321b7000 	C:\WINDOWS\System32\OLEAUT32.dll
0x00007ff91c320000 - 0x00007ff91c352000 	C:\WINDOWS\SYSTEM32\dbgcore.DLL
0x00007ff931790000 - 0x00007ff93180b000 	C:\WINDOWS\System32\bcryptPrimitives.dll
0x00007ff883920000 - 0x00007ff883948000 	C:\Users\e-gul\.jdks\liberica-11.0.16.1\bin\java.dll
0x00007ff899170000 - 0x00007ff89917a000 	C:\Users\e-gul\.jdks\liberica-11.0.16.1\bin\jimage.dll
0x00007ff8e36c0000 - 0x00007ff8e36ce000 	C:\Users\e-gul\.jdks\liberica-11.0.16.1\bin\instrument.dll
0x00007ff898ef0000 - 0x00007ff898f08000 	C:\Users\e-gul\.jdks\liberica-11.0.16.1\bin\zip.dll
0x00007ff932890000 - 0x00007ff93306d000 	C:\WINDOWS\System32\SHELL32.dll
0x00007ff92f0a0000 - 0x00007ff92f956000 	C:\WINDOWS\SYSTEM32\windows.storage.dll
0x00007ff92ef60000 - 0x00007ff92f09d000 	C:\WINDOWS\SYSTEM32\wintypes.dll
0x00007ff931f10000 - 0x00007ff932001000 	C:\WINDOWS\System32\SHCORE.dll
0x00007ff931cd0000 - 0x00007ff931d2e000 	C:\WINDOWS\System32\shlwapi.dll
0x00007ff930fc0000 - 0x00007ff930fe1000 	C:\WINDOWS\SYSTEM32\profapi.dll
0x00007ff898d70000 - 0x00007ff898d89000 	C:\Users\e-gul\.jdks\liberica-11.0.16.1\bin\net.dll
0x00007ff92cd70000 - 0x00007ff92ce9f000 	C:\WINDOWS\SYSTEM32\WINHTTP.dll
0x00007ff930570000 - 0x00007ff9305d9000 	C:\WINDOWS\system32\mswsock.dll
0x00007ff8866b0000 - 0x00007ff8866c3000 	C:\Users\e-gul\.jdks\liberica-11.0.16.1\bin\nio.dll
0x00007ff8e1650000 - 0x00007ff8e166a000 	D:\Programm Files\apps\IDEA-U\ch-0\223.8214.52\bin\breakgen64.dll
0x00007ff9307b0000 - 0x00007ff9307cb000 	C:\WINDOWS\SYSTEM32\CRYPTSP.dll
0x00007ff930060000 - 0x00007ff930095000 	C:\WINDOWS\system32\rsaenh.dll
0x00007ff930660000 - 0x00007ff930688000 	C:\WINDOWS\SYSTEM32\USERENV.dll
0x00007ff9309e0000 - 0x00007ff930a08000 	C:\WINDOWS\SYSTEM32\bcrypt.dll
0x00007ff9307d0000 - 0x00007ff9307dc000 	C:\WINDOWS\SYSTEM32\CRYPTBASE.dll
0x00007ff92fbb0000 - 0x00007ff92fbdd000 	C:\WINDOWS\SYSTEM32\IPHLPAPI.DLL
0x00007ff9324f0000 - 0x00007ff9324f9000 	C:\WINDOWS\System32\NSI.dll
0x00007ff92be30000 - 0x00007ff92be49000 	C:\WINDOWS\SYSTEM32\dhcpcsvc6.DLL
0x00007ff92bd70000 - 0x00007ff92bd8f000 	C:\WINDOWS\SYSTEM32\dhcpcsvc.DLL
0x00007ff92fc20000 - 0x00007ff92fd12000 	C:\WINDOWS\SYSTEM32\DNSAPI.dll
0x00007ff8e1640000 - 0x00007ff8e164a000 	C:\Users\e-gul\AppData\Local\Temp\jansi-1.17.1-11852043503484427530.dll

dbghelp: loaded successfully - version: 4.0.5 - missing functions: none
symbol engine: initialized successfully - sym options: 0x614 - pdb path: .;C:\Users\e-gul\.jdks\liberica-11.0.16.1\bin;C:\WINDOWS\SYSTEM32;C:\WINDOWS\WinSxS\amd64_microsoft.windows.common-controls_6595b64144ccf1df_6.0.22621.436_none_a94247dbc10d8414;C:\Users\e-gul\.jdks\liberica-11.0.16.1\bin\server;D:\Programm Files\apps\IDEA-U\ch-0\223.8214.52\bin;C:\Users\e-gul\AppData\Local\Temp

VM Arguments:
jvm_args: -Dmaven.multiModuleProjectDirectory=D:\University\SamsungAcademyProject\umirea-backend\auth-service -Djansi.passthrough=true -Dmaven.home=D:\Programm Files\apps\IDEA-U\ch-0\223.8214.52\plugins\maven\lib\maven3 -Dclassworlds.conf=D:\Programm Files\apps\IDEA-U\ch-0\223.8214.52\plugins\maven\lib\maven3\bin\m2.conf -Dmaven.ext.class.path=D:\Programm Files\apps\IDEA-U\ch-0\223.8214.52\plugins\maven\lib\maven-event-listener.jar -javaagent:D:\Programm Files\apps\IDEA-U\ch-0\223.8214.52\lib\idea_rt.jar=49392:D:\Programm Files\apps\IDEA-U\ch-0\223.8214.52\bin -Dfile.encoding=UTF-8 
java_command: org.codehaus.classworlds.Launcher -Didea.version=2022.3.1 package
java_class_path (initial): D:\Programm Files\apps\IDEA-U\ch-0\223.8214.52\plugins\maven\lib\maven3\boot\plexus-classworlds-2.6.0.jar;D:\Programm Files\apps\IDEA-U\ch-0\223.8214.52\plugins\maven\lib\maven3\boot\plexus-classworlds.license
Launcher Type: SUN_STANDARD

[Global flags]
     intx CICompilerCount                          = 4                                         {product} {ergonomic}
     uint ConcGCThreads                            = 3                                         {product} {ergonomic}
     uint G1ConcRefinementThreads                  = 10                                        {product} {ergonomic}
   size_t G1HeapRegionSize                         = 1048576                                   {product} {ergonomic}
    uintx GCDrainStackTargetSize                   = 64                                        {product} {ergonomic}
   size_t InitialHeapSize                          = 257949696                                 {product} {ergonomic}
   size_t MarkStackSize                            = 4194304                                   {product} {ergonomic}
   size_t MaxHeapSize                              = 4118806528                                {product} {ergonomic}
   size_t MaxNewSize                               = 2470445056                                {product} {ergonomic}
   size_t MinHeapDeltaBytes                        = 1048576                                   {product} {ergonomic}
    uintx NonNMethodCodeHeapSize                   = 5836300                                {pd product} {ergonomic}
    uintx NonProfiledCodeHeapSize                  = 122910970                              {pd product} {ergonomic}
    uintx ProfiledCodeHeapSize                     = 122910970                              {pd product} {ergonomic}
    uintx ReservedCodeCacheSize                    = 251658240                              {pd product} {ergonomic}
     bool SegmentedCodeCache                       = true                                      {product} {ergonomic}
     bool UseCompressedClassPointers               = true                                 {lp64_product} {ergonomic}
     bool UseCompressedOops                        = true                                 {lp64_product} {ergonomic}
     bool UseG1GC                                  = true                                      {product} {ergonomic}
     bool UseLargePagesIndividualAllocation        = false                                  {pd product} {ergonomic}

Logging:
Log output configuration:
 #0: stdout all=warning uptime,level,tags
 #1: stderr all=off uptime,level,tags

Environment Variables:
JAVA_HOME=C:\Users\e-gul\.jdks\liberica-11.0.16.1
PATH=D:\Libs\jre11\bin;C:\Users\e-gul\.jdks\liberica-11.0.16.1\bin;C:\WINDOWS\system32;C:\WINDOWS;C:\WINDOWS\System32\Wbem;C:\WINDOWS\System32\WindowsPowerShell\v1.0\;C:\WINDOWS\System32\OpenSSH\;D:\Programm Files\Git\cmd;D:\Libraries\flutter\bin;D:\Programm Files\Node JS\;C:\Users\e-gul\AppData\Local\Pub\Cache\bin;C:\Users\e-gul\AppData\Local\Packages\PythonSoftwareFoundation.Python.3.10_qbz5n2kfra8p0\LocalCache\local-packages\Python310\Scripts;C:\Program Files\Cloudflare\Cloudflare WARP\;C:\Program Files\Docker\Docker\resources\bin;C:\Program Files\WireGuard\;C:\Users\e-gul\.jbang\bin;C:\Users\e-gul\AppData\Local\Microsoft\WindowsApps;C:\Users\e-gul\AppData\Local\JetBrains\Toolbox\scripts;C:\Users\e-gul\AppData\Local\gitkraken\bin;D:\Programm Files\Microsoft VS Code\bin;C:\Users\e-gul\AppData\Roaming\npm;D:\Programm Files\Fiddler;C:\Users\e-gul\AppData\Local\Microsoft\WindowsApps;C:\Users\e-gul\ton\bin\;;C:\Users\e-gul\AppData\Local\Programs\oh-my-posh\bin;c:\users\e-gul\.local\bin
USERNAME=e-gul
OS=Windows_NT
PROCESSOR_IDENTIFIER=AMD64 Family 23 Model 104 Stepping 1, AuthenticAMD
TMP=C:\Users\e-gul\AppData\Local\Temp
TEMP=C:\Users\e-gul\AppData\Local\Temp



---------------  S Y S T E M  ---------------

OS: Windows 11 , 64 bit Build 22621 (10.0.22621.598)
OS uptime: 0 days 2:30 hours
Hyper-V role detected

CPU:total 12 (initial active 12) (12 cores per cpu, 2 threads per core) family 23 model 104 stepping 1 microcode 0x0, cmov, cx8, fxsr, mmx, sse, sse2, sse3, ssse3, sse4.1, sse4.2, popcnt, avx, avx2, aes, clmul, mmxext, 3dnowpref, lzcnt, sse4a, ht, tsc, tscinvbit, tscinv, bmi1, bmi2, adx, sha, fma

Memory: 4k page, system-wide physical 15706M (340M free)
TotalPageFile size 36217M (AvailPageFile size 4M)
current process WorkingSet (physical memory assigned to process): 250M, peak: 250M
current process commit charge ("private bytes"): 403M, peak: 405M

vm_info: OpenJDK 64-Bit Server VM (11.0.16.1+1-LTS) for windows-amd64 JRE (11.0.16.1+1-LTS), built on Aug 12 2022 13:52:51 by "" with MS VC++ 15.9 (VS2017)

END.
